Solver command line: ['C:\\gurobi900\\win64\\bin\\gurobi.bat']

Using license file c:\gurobi900\gurobi.lic
Academic license - for non-commercial use only
Read LP format model from file C:\Users\lma-mma\AppData\Local\Temp\tmp8cc8ckuz.pyomo.lp
Reading time = 0.00 seconds
x132: 146 rows, 132 columns, 347 nonzeros
Changed value of parameter Presolve to 2
   Prev: -1  Min: -1  Max: 2  Default: -1
Changed value of parameter mipgap to 0.1
   Prev: 0.0001  Min: 0.0  Max: inf  Default: 0.0001
Changed value of parameter TimeLimit to 60.0
   Prev: inf  Min: 0.0  Max: inf  Default: inf
Changed value of parameter DualReductions to 0
   Prev: 1  Min: 0  Max: 1  Default: 1
Gurobi Optimizer version 9.0.0 build v9.0.0rc2 (win64)
Optimize a model with 146 rows, 132 columns and 347 nonzeros
Model fingerprint: 0x2ada7fcc
Variable types: 112 continuous, 20 integer (20 binary)
Coefficient statistics:
  Matrix range     [2e-03, 4e+09]
  Objective range  [1e+00, 1e+00]
  Bounds range     [1e+00, 5e+08]
  RHS range        [1e+00, 1e+12]
Warning: Model contains large matrix coefficient range
Warning: Model contains large rhs
         Consider reformulating model or setting NumericFocus parameter
         to avoid numerical issues.
Presolve time: 0.00s

Explored 0 nodes (0 simplex iterations) in 0.00 seconds
Thread count was 1 (of 6 available processors)

Solution count 0

Model is infeasible
Best objective -, best bound -, gap -

